<html>
<head>
<title>TestNG:  SFDCLogin</title>
<link href="../testng.css" rel="stylesheet" type="text/css" />
<link href="../my-testng.css" rel="stylesheet" type="text/css" />

<style type="text/css">
.log { display: none;} 
.stack-trace { display: none;} 
</style>
<script type="text/javascript">
<!--
function flip(e) {
  current = e.style.display;
  if (current == 'block') {
    e.style.display = 'none';
    return 0;
  }
  else {
    e.style.display = 'block';
    return 1;
  }
}

function toggleBox(szDivId, elem, msg1, msg2)
{
  var res = -1;  if (document.getElementById) {
    res = flip(document.getElementById(szDivId));
  }
  else if (document.all) {
    // this is the way old msie versions work
    res = flip(document.all[szDivId]);
  }
  if(elem) {
    if(res == 0) elem.innerHTML = msg1; else elem.innerHTML = msg2;
  }

}

function toggleAllBoxes() {
  if (document.getElementsByTagName) {
    d = document.getElementsByTagName('div');
    for (i = 0; i < d.length; i++) {
      if (d[i].className == 'log') {
        flip(d[i]);
      }
    }
  }
}

// -->
</script>

</head>
<body>
<h2 align='center'>SFDCLogin</h2><table border='1' align="center">
<tr>
<td>Tests passed/Failed/Skipped:</td><td>23/2/0</td>
</tr><tr>
<td>Started on:</td><td>Wed Apr 05 14:22:32 EDT 2023</td>
</tr>
<tr><td>Total time:</td><td>431 seconds (431897 ms)</td>
</tr><tr>
<td>Included groups:</td><td></td>
</tr><tr>
<td>Excluded groups:</td><td></td>
</tr>
</table><p/>
<small><i>(Hover the method name to see the test class name)</i></small><p/>
<table width='100%' border='1' class='invocation-failed'>
<tr><td colspan='4' align='center'><b>FAILED TESTS</b></td></tr>
<tr><td><b>Test method</b></td>
<td width="30%"><b>Exception</b></td>
<td width="10%"><b>Time (seconds)</b></td>
<td><b>Instance</b></td>
</tr>
<tr>
<td title='Salesforce.TestCases.AccountTests.TC12Editview()'><b>TC12Editview</b><br>Test class: Salesforce.TestCases.AccountTests</td>
<td><div><pre>org.openqa.selenium.NoSuchElementException: Cannot locate element with text: TestNGView
For documentation on this error, please visit: https://www.seleniumhq.org/exceptions/no_such_element.html
Build info: version: &apos;3.141.59&apos;, revision: &apos;e82be7d358&apos;, time: &apos;2018-11-14T08:17:03&apos;
System info: host: &apos;DESKTOP-VAGFE70&apos;, ip: &apos;192.168.1.74&apos;, os.name: &apos;Windows 11&apos;, os.arch: &apos;x86&apos;, os.version: &apos;10.0&apos;, java.version: &apos;1.8.0_351&apos;
Driver info: driver.version: unknown
	at org.openqa.selenium.support.ui.Select.selectByVisibleText(Select.java:147)
	at Salesforce.Pages.AccountPage.Editviewlink(AccountPage.java:159)
	at Salesforce.TestCases.AccountTests.TC12Editview(AccountTests.java:56)
	at java.util.ArrayList.forEach(ArrayList.java:1259)
... Removed 27 stack frames</pre></div><a href='#' onClick='toggleBox("stack-trace7523248", this, "Click to show all stack frames", "Click to hide stack frames")'>Click to show all stack frames</a>
<div class='stack-trace' id='stack-trace7523248'><pre>org.openqa.selenium.NoSuchElementException: Cannot locate element with text: TestNGView
For documentation on this error, please visit: https://www.seleniumhq.org/exceptions/no_such_element.html
Build info: version: &apos;3.141.59&apos;, revision: &apos;e82be7d358&apos;, time: &apos;2018-11-14T08:17:03&apos;
System info: host: &apos;DESKTOP-VAGFE70&apos;, ip: &apos;192.168.1.74&apos;, os.name: &apos;Windows 11&apos;, os.arch: &apos;x86&apos;, os.version: &apos;10.0&apos;, java.version: &apos;1.8.0_351&apos;
Driver info: driver.version: unknown
	at org.openqa.selenium.support.ui.Select.selectByVisibleText(Select.java:147)
	at Salesforce.Pages.AccountPage.Editviewlink(AccountPage.java:159)
	at Salesforce.TestCases.AccountTests.TC12Editview(AccountTests.java:56)
	at sun.reflect.NativeMethodAccessorImpl.invoke0(Native Method)
	at sun.reflect.NativeMethodAccessorImpl.invoke(NativeMethodAccessorImpl.java:62)
	at sun.reflect.DelegatingMethodAccessorImpl.invoke(DelegatingMethodAccessorImpl.java:43)
	at java.lang.reflect.Method.invoke(Method.java:498)
	at org.testng.internal.invokers.MethodInvocationHelper.invokeMethod(MethodInvocationHelper.java:135)
	at org.testng.internal.invokers.TestInvoker.invokeMethod(TestInvoker.java:673)
	at org.testng.internal.invokers.TestInvoker.invokeTestMethod(TestInvoker.java:220)
	at org.testng.internal.invokers.MethodRunner.runInSequence(MethodRunner.java:50)
	at org.testng.internal.invokers.TestInvoker$MethodInvocationAgent.invoke(TestInvoker.java:945)
	at org.testng.internal.invokers.TestInvoker.invokeTestMethods(TestInvoker.java:193)
	at org.testng.internal.invokers.TestMethodWorker.invokeTestMethods(TestMethodWorker.java:146)
	at org.testng.internal.invokers.TestMethodWorker.run(TestMethodWorker.java:128)
	at java.util.ArrayList.forEach(ArrayList.java:1259)
	at org.testng.TestRunner.privateRun(TestRunner.java:808)
	at org.testng.TestRunner.run(TestRunner.java:603)
	at org.testng.SuiteRunner.runTest(SuiteRunner.java:429)
	at org.testng.SuiteRunner.runSequentially(SuiteRunner.java:423)
	at org.testng.SuiteRunner.privateRun(SuiteRunner.java:383)
	at org.testng.SuiteRunner.run(SuiteRunner.java:326)
	at org.testng.SuiteRunnerWorker.runSuite(SuiteRunnerWorker.java:52)
	at org.testng.SuiteRunnerWorker.run(SuiteRunnerWorker.java:95)
	at org.testng.TestNG.runSuitesSequentially(TestNG.java:1249)
	at org.testng.TestNG.runSuitesLocally(TestNG.java:1169)
	at org.testng.TestNG.runSuites(TestNG.java:1092)
	at org.testng.TestNG.run(TestNG.java:1060)
	at org.testng.remote.AbstractRemoteTestNG.run(AbstractRemoteTestNG.java:115)
	at org.testng.remote.RemoteTestNG.initAndRun(RemoteTestNG.java:251)
	at org.testng.remote.RemoteTestNG.main(RemoteTestNG.java:77)
</pre></div></td>
<td>13</td>
<td>Salesforce.TestCases.AccountTests@1a0cee9</td></tr>
<tr>
<td title='Salesforce.TestCases.UsermenuTests.TC7MySettings()'><b>TC7MySettings</b><br>Test class: Salesforce.TestCases.UsermenuTests</td>
<td><div><pre>org.openqa.selenium.NoSuchElementException: no such element: Unable to locate element: {&quot;method&quot;:&quot;css selector&quot;,&quot;selector&quot;:&quot;#EmailSetup_font&quot;}
  (Session info: chrome=111.0.5563.147)
For documentation on this error, please visit: https://www.seleniumhq.org/exceptions/no_such_element.html
Build info: version: &apos;3.141.59&apos;, revision: &apos;e82be7d358&apos;, time: &apos;2018-11-14T08:17:03&apos;
System info: host: &apos;DESKTOP-VAGFE70&apos;, ip: &apos;192.168.1.74&apos;, os.name: &apos;Windows 11&apos;, os.arch: &apos;x86&apos;, os.version: &apos;10.0&apos;, java.version: &apos;1.8.0_351&apos;
Driver info: org.openqa.selenium.chrome.ChromeDriver
Capabilities {acceptInsecureCerts: false, browserName: chrome, browserVersion: 111.0.5563.147, chrome: {chromedriverVersion: 111.0.5563.64 (c710e93d5b63..., userDataDir: C:\Users\saiya\AppData\Loca...}, goog:chromeOptions: {debuggerAddress: localhost:55251}, javascriptEnabled: true, networkConnectionEnabled: false, pageLoadStrategy: normal, platform: WINDOWS, platformName: WINDOWS, proxy: Proxy(), setWindowRect: true, strictFileInteractability: false, timeouts: {implicit: 0, pageLoad: 300000, script: 30000}, unhandledPromptBehavior: dismiss and notify, webauthn:extension:credBlob: true, webauthn:extension:largeBlob: true, webauthn:extension:minPinLength: true, webauthn:extension:prf: true, webauthn:virtualAuthenticators: true}
Session ID: eb8a6bc0bc26902712ab9afe08f82e22
*** Element info: {Using=id, value=EmailSetup_font}
	at org.openqa.selenium.remote.http.W3CHttpResponseCodec.createException(W3CHttpResponseCodec.java:187)
	at org.openqa.selenium.remote.http.W3CHttpResponseCodec.decode(W3CHttpResponseCodec.java:122)
	at org.openqa.selenium.remote.http.W3CHttpResponseCodec.decode(W3CHttpResponseCodec.java:49)
	at org.openqa.selenium.remote.HttpCommandExecutor.execute(HttpCommandExecutor.java:158)
	at org.openqa.selenium.remote.service.DriverCommandExecutor.execute(DriverCommandExecutor.java:83)
	at org.openqa.selenium.remote.RemoteWebDriver.execute(RemoteWebDriver.java:552)
	at org.openqa.selenium.remote.RemoteWebDriver.findElement(RemoteWebDriver.java:323)
	at org.openqa.selenium.remote.RemoteWebDriver.findElementById(RemoteWebDriver.java:372)
	at org.openqa.selenium.By$ById.findElement(By.java:188)
	at org.openqa.selenium.remote.RemoteWebDriver.findElement(RemoteWebDriver.java:315)
	at org.openqa.selenium.support.pagefactory.DefaultElementLocator.findElement(DefaultElementLocator.java:69)
	at org.openqa.selenium.support.pagefactory.internal.LocatingElementHandler.invoke(LocatingElementHandler.java:38)
	at com.sun.proxy.$Proxy9.click(Unknown Source)
	at Salesforce.Pages.UsermenuPage.Email(UsermenuPage.java:302)
	at Salesforce.TestCases.UsermenuTests.TC7MySettings(UsermenuTests.java:68)
	at java.util.ArrayList.forEach(ArrayList.java:1259)
... Removed 31 stack frames</pre></div><a href='#' onClick='toggleBox("stack-trace15289647", this, "Click to show all stack frames", "Click to hide stack frames")'>Click to show all stack frames</a>
<div class='stack-trace' id='stack-trace15289647'><pre>org.openqa.selenium.NoSuchElementException: no such element: Unable to locate element: {&quot;method&quot;:&quot;css selector&quot;,&quot;selector&quot;:&quot;#EmailSetup_font&quot;}
  (Session info: chrome=111.0.5563.147)
For documentation on this error, please visit: https://www.seleniumhq.org/exceptions/no_such_element.html
Build info: version: &apos;3.141.59&apos;, revision: &apos;e82be7d358&apos;, time: &apos;2018-11-14T08:17:03&apos;
System info: host: &apos;DESKTOP-VAGFE70&apos;, ip: &apos;192.168.1.74&apos;, os.name: &apos;Windows 11&apos;, os.arch: &apos;x86&apos;, os.version: &apos;10.0&apos;, java.version: &apos;1.8.0_351&apos;
Driver info: org.openqa.selenium.chrome.ChromeDriver
Capabilities {acceptInsecureCerts: false, browserName: chrome, browserVersion: 111.0.5563.147, chrome: {chromedriverVersion: 111.0.5563.64 (c710e93d5b63..., userDataDir: C:\Users\saiya\AppData\Loca...}, goog:chromeOptions: {debuggerAddress: localhost:55251}, javascriptEnabled: true, networkConnectionEnabled: false, pageLoadStrategy: normal, platform: WINDOWS, platformName: WINDOWS, proxy: Proxy(), setWindowRect: true, strictFileInteractability: false, timeouts: {implicit: 0, pageLoad: 300000, script: 30000}, unhandledPromptBehavior: dismiss and notify, webauthn:extension:credBlob: true, webauthn:extension:largeBlob: true, webauthn:extension:minPinLength: true, webauthn:extension:prf: true, webauthn:virtualAuthenticators: true}
Session ID: eb8a6bc0bc26902712ab9afe08f82e22
*** Element info: {Using=id, value=EmailSetup_font}
	at sun.reflect.NativeConstructorAccessorImpl.newInstance0(Native Method)
	at sun.reflect.NativeConstructorAccessorImpl.newInstance(NativeConstructorAccessorImpl.java:62)
	at sun.reflect.DelegatingConstructorAccessorImpl.newInstance(DelegatingConstructorAccessorImpl.java:45)
	at java.lang.reflect.Constructor.newInstance(Constructor.java:423)
	at org.openqa.selenium.remote.http.W3CHttpResponseCodec.createException(W3CHttpResponseCodec.java:187)
	at org.openqa.selenium.remote.http.W3CHttpResponseCodec.decode(W3CHttpResponseCodec.java:122)
	at org.openqa.selenium.remote.http.W3CHttpResponseCodec.decode(W3CHttpResponseCodec.java:49)
	at org.openqa.selenium.remote.HttpCommandExecutor.execute(HttpCommandExecutor.java:158)
	at org.openqa.selenium.remote.service.DriverCommandExecutor.execute(DriverCommandExecutor.java:83)
	at org.openqa.selenium.remote.RemoteWebDriver.execute(RemoteWebDriver.java:552)
	at org.openqa.selenium.remote.RemoteWebDriver.findElement(RemoteWebDriver.java:323)
	at org.openqa.selenium.remote.RemoteWebDriver.findElementById(RemoteWebDriver.java:372)
	at org.openqa.selenium.By$ById.findElement(By.java:188)
	at org.openqa.selenium.remote.RemoteWebDriver.findElement(RemoteWebDriver.java:315)
	at org.openqa.selenium.support.pagefactory.DefaultElementLocator.findElement(DefaultElementLocator.java:69)
	at org.openqa.selenium.support.pagefactory.internal.LocatingElementHandler.invoke(LocatingElementHandler.java:38)
	at com.sun.proxy.$Proxy9.click(Unknown Source)
	at Salesforce.Pages.UsermenuPage.Email(UsermenuPage.java:302)
	at Salesforce.TestCases.UsermenuTests.TC7MySettings(UsermenuTests.java:68)
	at sun.reflect.NativeMethodAccessorImpl.invoke0(Native Method)
	at sun.reflect.NativeMethodAccessorImpl.invoke(NativeMethodAccessorImpl.java:62)
	at sun.reflect.DelegatingMethodAccessorImpl.invoke(DelegatingMethodAccessorImpl.java:43)
	at java.lang.reflect.Method.invoke(Method.java:498)
	at org.testng.internal.invokers.MethodInvocationHelper.invokeMethod(MethodInvocationHelper.java:135)
	at org.testng.internal.invokers.TestInvoker.invokeMethod(TestInvoker.java:673)
	at org.testng.internal.invokers.TestInvoker.invokeTestMethod(TestInvoker.java:220)
	at org.testng.internal.invokers.MethodRunner.runInSequence(MethodRunner.java:50)
	at org.testng.internal.invokers.TestInvoker$MethodInvocationAgent.invoke(TestInvoker.java:945)
	at org.testng.internal.invokers.TestInvoker.invokeTestMethods(TestInvoker.java:193)
	at org.testng.internal.invokers.TestMethodWorker.invokeTestMethods(TestMethodWorker.java:146)
	at org.testng.internal.invokers.TestMethodWorker.run(TestMethodWorker.java:128)
	at java.util.ArrayList.forEach(ArrayList.java:1259)
	at org.testng.TestRunner.privateRun(TestRunner.java:808)
	at org.testng.TestRunner.run(TestRunner.java:603)
	at org.testng.SuiteRunner.runTest(SuiteRunner.java:429)
	at org.testng.SuiteRunner.runSequentially(SuiteRunner.java:423)
	at org.testng.SuiteRunner.privateRun(SuiteRunner.java:383)
	at org.testng.SuiteRunner.run(SuiteRunner.java:326)
	at org.testng.SuiteRunnerWorker.runSuite(SuiteRunnerWorker.java:52)
	at org.testng.SuiteRunnerWorker.run(SuiteRunnerWorker.java:95)
	at org.testng.TestNG.runSuitesSequentially(TestNG.java:1249)
	at org.testng.TestNG.runSuitesLocally(TestNG.java:1169)
	at org.testng.TestNG.runSuites(TestNG.java:1092)
	at org.testng.TestNG.run(TestNG.java:1060)
	at org.testng.remote.AbstractRemoteTestNG.run(AbstractRemoteTestNG.java:115)
	at org.testng.remote.RemoteTestNG.initAndRun(RemoteTestNG.java:251)
	at org.testng.remote.RemoteTestNG.main(RemoteTestNG.java:77)
</pre></div></td>
<td>41</td>
<td>Salesforce.TestCases.UsermenuTests@4d6e83</td></tr>
</table><p>
<table width='100%' border='1' class='invocation-passed'>
<tr><td colspan='4' align='center'><b>PASSED TESTS</b></td></tr>
<tr><td><b>Test method</b></td>
<td width="30%"><b>Exception</b></td>
<td width="10%"><b>Time (seconds)</b></td>
<td><b>Instance</b></td>
</tr>
<tr>
<td title='Salesforce.TestCases.AccountTests.TC10NewAccount()'><b>TC10NewAccount</b><br>Test class: Salesforce.TestCases.AccountTests</td>
<td></td>
<td>11</td>
<td>Salesforce.TestCases.AccountTests@1a0cee9</td></tr>
<tr>
<td title='Salesforce.TestCases.LoginTests.TC3checkRememberMe()'><b>TC3checkRememberMe</b><br>Test class: Salesforce.TestCases.LoginTests</td>
<td></td>
<td>8</td>
<td>Salesforce.TestCases.LoginTests@12d3247</td></tr>
<tr>
<td title='Salesforce.TestCases.LeadsTests.TC21Leads()'><b>TC21Leads</b><br>Test class: Salesforce.TestCases.LeadsTests</td>
<td></td>
<td>7</td>
<td>Salesforce.TestCases.LeadsTests@da0940</td></tr>
<tr>
<td title='Salesforce.TestCases.OpportunityTests.TC16NewOpportunity()'><b>TC16NewOpportunity</b><br>Test class: Salesforce.TestCases.OpportunityTests</td>
<td></td>
<td>29</td>
<td>Salesforce.TestCases.OpportunityTests@b21112</td></tr>
<tr>
<td title='Salesforce.TestCases.AccountTests.TC13MergeAccounts()'><b>TC13MergeAccounts</b><br>Test class: Salesforce.TestCases.AccountTests</td>
<td></td>
<td>20</td>
<td>Salesforce.TestCases.AccountTests@1a0cee9</td></tr>
<tr>
<td title='Salesforce.TestCases.UsermenuTests.TC6MyProfile()'><b>TC6MyProfile</b><br>Test class: Salesforce.TestCases.UsermenuTests</td>
<td></td>
<td>72</td>
<td>Salesforce.TestCases.UsermenuTests@4d6e83</td></tr>
<tr>
<td title='Salesforce.TestCases.UsermenuTests.TC9Logout()'><b>TC9Logout</b><br>Test class: Salesforce.TestCases.UsermenuTests</td>
<td></td>
<td>2</td>
<td>Salesforce.TestCases.UsermenuTests@4d6e83</td></tr>
<tr>
<td title='Salesforce.TestCases.AccountTests.TC14AccountsReport()'><b>TC14AccountsReport</b><br>Test class: Salesforce.TestCases.AccountTests</td>
<td></td>
<td>22</td>
<td>Salesforce.TestCases.AccountTests@1a0cee9</td></tr>
<tr>
<td title='Salesforce.TestCases.LeadsTests.TC20Leads()'><b>TC20Leads</b><br>Test class: Salesforce.TestCases.LeadsTests</td>
<td></td>
<td>8</td>
<td>Salesforce.TestCases.LeadsTests@da0940</td></tr>
<tr>
<td title='Salesforce.TestCases.LeadsTests.TC23Leads()'><b>TC23Leads</b><br>Test class: Salesforce.TestCases.LeadsTests</td>
<td></td>
<td>13</td>
<td>Salesforce.TestCases.LeadsTests@da0940</td></tr>
<tr>
<td title='Salesforce.TestCases.LoginTests.TC2validUsernamePaswword()'><b>TC2validUsernamePaswword</b><br>Test class: Salesforce.TestCases.LoginTests</td>
<td></td>
<td>0</td>
<td>Salesforce.TestCases.LoginTests@12d3247</td></tr>
<tr>
<td title='Salesforce.TestCases.OpportunityTests.TC15Opportunity()'><b>TC15Opportunity</b><br>Test class: Salesforce.TestCases.OpportunityTests</td>
<td></td>
<td>8</td>
<td>Salesforce.TestCases.OpportunityTests@b21112</td></tr>
<tr>
<td title='Salesforce.TestCases.LoginTests.TC1LoginErrorMsg()'><b>TC1LoginErrorMsg</b><br>Test class: Salesforce.TestCases.LoginTests</td>
<td></td>
<td>5</td>
<td>Salesforce.TestCases.LoginTests@12d3247</td></tr>
<tr>
<td title='Salesforce.TestCases.UsermenuTests.TC5UserMenuDropdown()'><b>TC5UserMenuDropdown</b><br>Test class: Salesforce.TestCases.UsermenuTests</td>
<td></td>
<td>2</td>
<td>Salesforce.TestCases.UsermenuTests@4d6e83</td></tr>
<tr>
<td title='Salesforce.TestCases.LoginTests.TC4Binvalidusernamepassword()'><b>TC4Binvalidusernamepassword</b><br>Test class: Salesforce.TestCases.LoginTests</td>
<td></td>
<td>0</td>
<td>Salesforce.TestCases.LoginTests@12d3247</td></tr>
<tr>
<td title='Salesforce.TestCases.OpportunityTests.TC17PipelineReports()'><b>TC17PipelineReports</b><br>Test class: Salesforce.TestCases.OpportunityTests</td>
<td></td>
<td>8</td>
<td>Salesforce.TestCases.OpportunityTests@b21112</td></tr>
<tr>
<td title='Salesforce.TestCases.LeadsTests.TC24Leads()'><b>TC24Leads</b><br>Test class: Salesforce.TestCases.LeadsTests</td>
<td></td>
<td>15</td>
<td>Salesforce.TestCases.LeadsTests@da0940</td></tr>
<tr>
<td title='Salesforce.TestCases.LoginTests.TC4Atestforgotpassword()'><b>TC4Atestforgotpassword</b><br>Test class: Salesforce.TestCases.LoginTests</td>
<td></td>
<td>6</td>
<td>Salesforce.TestCases.LoginTests@12d3247</td></tr>
<tr>
<td title='Salesforce.TestCases.OpportunityTests.TC18StuckReports()'><b>TC18StuckReports</b><br>Test class: Salesforce.TestCases.OpportunityTests</td>
<td></td>
<td>8</td>
<td>Salesforce.TestCases.OpportunityTests@b21112</td></tr>
<tr>
<td title='Salesforce.TestCases.OpportunityTests.TC19QSummaryReports()'><b>TC19QSummaryReports</b><br>Test class: Salesforce.TestCases.OpportunityTests</td>
<td></td>
<td>13</td>
<td>Salesforce.TestCases.OpportunityTests@b21112</td></tr>
<tr>
<td title='Salesforce.TestCases.LeadsTests.TC22Leads()'><b>TC22Leads</b><br>Test class: Salesforce.TestCases.LeadsTests</td>
<td></td>
<td>21</td>
<td>Salesforce.TestCases.LeadsTests@da0940</td></tr>
<tr>
<td title='Salesforce.TestCases.UsermenuTests.TC8DeveloperConsole()'><b>TC8DeveloperConsole</b><br>Test class: Salesforce.TestCases.UsermenuTests</td>
<td></td>
<td>8</td>
<td>Salesforce.TestCases.UsermenuTests@4d6e83</td></tr>
<tr>
<td title='Salesforce.TestCases.AccountTests.TC11Createnewview()'><b>TC11Createnewview</b><br>Test class: Salesforce.TestCases.AccountTests</td>
<td></td>
<td>14</td>
<td>Salesforce.TestCases.AccountTests@1a0cee9</td></tr>
</table><p>
</body>
</html>