<?xml version="1.0" encoding="UTF-8"?>
<!-- Generated by org.testng.reporters.JUnitXMLReporter -->
<testsuite hostname="DESKTOP-VAGFE70" ignored="0" name="SFDCLogin" tests="25" failures="2" timestamp="2023-04-05T14:29:44 EDT" time="431.897" errors="0">
  <testcase name="TC1LoginErrorMsg" time="5.997" classname="Salesforce.TestCases.LoginTests"/>
  <testcase name="TC2validUsernamePaswword" time="0.767" classname="Salesforce.TestCases.LoginTests"/>
  <testcase name="TC3checkRememberMe" time="8.158" classname="Salesforce.TestCases.LoginTests"/>
  <testcase name="TC4Atestforgotpassword" time="6.139" classname="Salesforce.TestCases.LoginTests"/>
  <testcase name="TC4Binvalidusernamepassword" time="0.781" classname="Salesforce.TestCases.LoginTests"/>
  <testcase name="TC5UserMenuDropdown" time="2.783" classname="Salesforce.TestCases.UsermenuTests"/>
  <testcase name="TC6MyProfile" time="72.498" classname="Salesforce.TestCases.UsermenuTests"/>
  <testcase name="TC7MySettings" time="41.389" classname="Salesforce.TestCases.UsermenuTests">
    <failure type="org.openqa.selenium.NoSuchElementException" message="no such element: Unable to locate element: {&amp;quot;method&amp;quot;:&amp;quot;css selector&amp;quot;,&amp;quot;selector&amp;quot;:&amp;quot;#EmailSetup_font&amp;quot;}
  (Session info: chrome=111.0.5563.147)
For documentation on this error, please visit: https://www.seleniumhq.org/exceptions/no_such_element.html
Build info: version: &amp;apos;3.141.59&amp;apos;, revision: &amp;apos;e82be7d358&amp;apos;, time: &amp;apos;2018-11-14T08:17:03&amp;apos;
System info: host: &amp;apos;DESKTOP-VAGFE70&amp;apos;, ip: &amp;apos;192.168.1.74&amp;apos;, os.name: &amp;apos;Windows 11&amp;apos;, os.arch: &amp;apos;x86&amp;apos;, os.version: &amp;apos;10.0&amp;apos;, java.version: &amp;apos;1.8.0_351&amp;apos;
Driver info: org.openqa.selenium.chrome.ChromeDriver
Capabilities {acceptInsecureCerts: false, browserName: chrome, browserVersion: 111.0.5563.147, chrome: {chromedriverVersion: 111.0.5563.64 (c710e93d5b63..., userDataDir: C:\Users\saiya\AppData\Loca...}, goog:chromeOptions: {debuggerAddress: localhost:55251}, javascriptEnabled: true, networkConnectionEnabled: false, pageLoadStrategy: normal, platform: WINDOWS, platformName: WINDOWS, proxy: Proxy(), setWindowRect: true, strictFileInteractability: false, timeouts: {implicit: 0, pageLoad: 300000, script: 30000}, unhandledPromptBehavior: dismiss and notify, webauthn:extension:credBlob: true, webauthn:extension:largeBlob: true, webauthn:extension:minPinLength: true, webauthn:extension:prf: true, webauthn:virtualAuthenticators: true}
Session ID: eb8a6bc0bc26902712ab9afe08f82e22
*** Element info: {Using=id, value=EmailSetup_font}">
      <![CDATA[org.openqa.selenium.NoSuchElementException: no such element: Unable to locate element: {"method":"css selector","selector":"#EmailSetup_font"}
  (Session info: chrome=111.0.5563.147)
For documentation on this error, please visit: https://www.seleniumhq.org/exceptions/no_such_element.html
Build info: version: '3.141.59', revision: 'e82be7d358', time: '2018-11-14T08:17:03'
System info: host: 'DESKTOP-VAGFE70', ip: '192.168.1.74', os.name: 'Windows 11', os.arch: 'x86', os.version: '10.0', java.version: '1.8.0_351'
Driver info: org.openqa.selenium.chrome.ChromeDriver
Capabilities {acceptInsecureCerts: false, browserName: chrome, browserVersion: 111.0.5563.147, chrome: {chromedriverVersion: 111.0.5563.64 (c710e93d5b63..., userDataDir: C:\Users\saiya\AppData\Loca...}, goog:chromeOptions: {debuggerAddress: localhost:55251}, javascriptEnabled: true, networkConnectionEnabled: false, pageLoadStrategy: normal, platform: WINDOWS, platformName: WINDOWS, proxy: Proxy(), setWindowRect: true, strictFileInteractability: false, timeouts: {implicit: 0, pageLoad: 300000, script: 30000}, unhandledPromptBehavior: dismiss and notify, webauthn:extension:credBlob: true, webauthn:extension:largeBlob: true, webauthn:extension:minPinLength: true, webauthn:extension:prf: true, webauthn:virtualAuthenticators: true}
Session ID: eb8a6bc0bc26902712ab9afe08f82e22
*** Element info: {Using=id, value=EmailSetup_font}
at org.openqa.selenium.remote.http.W3CHttpResponseCodec.createException(W3CHttpResponseCodec.java:187)
at org.openqa.selenium.remote.http.W3CHttpResponseCodec.decode(W3CHttpResponseCodec.java:122)
at org.openqa.selenium.remote.http.W3CHttpResponseCodec.decode(W3CHttpResponseCodec.java:49)
at org.openqa.selenium.remote.HttpCommandExecutor.execute(HttpCommandExecutor.java:158)
at org.openqa.selenium.remote.service.DriverCommandExecutor.execute(DriverCommandExecutor.java:83)
at org.openqa.selenium.remote.RemoteWebDriver.execute(RemoteWebDriver.java:552)
at org.openqa.selenium.remote.RemoteWebDriver.findElement(RemoteWebDriver.java:323)
at org.openqa.selenium.remote.RemoteWebDriver.findElementById(RemoteWebDriver.java:372)
at org.openqa.selenium.By$ById.findElement(By.java:188)
at org.openqa.selenium.remote.RemoteWebDriver.findElement(RemoteWebDriver.java:315)
at org.openqa.selenium.support.pagefactory.DefaultElementLocator.findElement(DefaultElementLocator.java:69)
at org.openqa.selenium.support.pagefactory.internal.LocatingElementHandler.invoke(LocatingElementHandler.java:38)
at com.sun.proxy.$Proxy9.click(Unknown Source)
at Salesforce.Pages.UsermenuPage.Email(UsermenuPage.java:302)
at Salesforce.TestCases.UsermenuTests.TC7MySettings(UsermenuTests.java:68)
at java.util.ArrayList.forEach(ArrayList.java:1259)
... Removed 31 stack frames]]>
    </failure>
  </testcase> <!-- TC7MySettings -->
  <testcase name="TC8DeveloperConsole" time="8.771" classname="Salesforce.TestCases.UsermenuTests"/>
  <testcase name="TC9Logout" time="2.949" classname="Salesforce.TestCases.UsermenuTests"/>
  <testcase name="TC10NewAccount" time="11.493" classname="Salesforce.TestCases.AccountTests"/>
  <testcase name="TC11Createnewview" time="14.612" classname="Salesforce.TestCases.AccountTests"/>
  <testcase name="TC12Editview" time="13.561" classname="Salesforce.TestCases.AccountTests">
    <failure type="org.openqa.selenium.NoSuchElementException" message="Cannot locate element with text: TestNGView
For documentation on this error, please visit: https://www.seleniumhq.org/exceptions/no_such_element.html
Build info: version: &amp;apos;3.141.59&amp;apos;, revision: &amp;apos;e82be7d358&amp;apos;, time: &amp;apos;2018-11-14T08:17:03&amp;apos;
System info: host: &amp;apos;DESKTOP-VAGFE70&amp;apos;, ip: &amp;apos;192.168.1.74&amp;apos;, os.name: &amp;apos;Windows 11&amp;apos;, os.arch: &amp;apos;x86&amp;apos;, os.version: &amp;apos;10.0&amp;apos;, java.version: &amp;apos;1.8.0_351&amp;apos;
Driver info: driver.version: unknown">
      <![CDATA[org.openqa.selenium.NoSuchElementException: Cannot locate element with text: TestNGView
For documentation on this error, please visit: https://www.seleniumhq.org/exceptions/no_such_element.html
Build info: version: '3.141.59', revision: 'e82be7d358', time: '2018-11-14T08:17:03'
System info: host: 'DESKTOP-VAGFE70', ip: '192.168.1.74', os.name: 'Windows 11', os.arch: 'x86', os.version: '10.0', java.version: '1.8.0_351'
Driver info: driver.version: unknown
at org.openqa.selenium.support.ui.Select.selectByVisibleText(Select.java:147)
at Salesforce.Pages.AccountPage.Editviewlink(AccountPage.java:159)
at Salesforce.TestCases.AccountTests.TC12Editview(AccountTests.java:56)
at java.util.ArrayList.forEach(ArrayList.java:1259)
... Removed 27 stack frames]]>
    </failure>
  </testcase> <!-- TC12Editview -->
  <testcase name="TC13MergeAccounts" time="20.734" classname="Salesforce.TestCases.AccountTests"/>
  <testcase name="TC14AccountsReport" time="22.746" classname="Salesforce.TestCases.AccountTests"/>
  <testcase name="TC15Opportunity" time="8.706" classname="Salesforce.TestCases.OpportunityTests"/>
  <testcase name="TC16NewOpportunity" time="29.406" classname="Salesforce.TestCases.OpportunityTests"/>
  <testcase name="TC17PipelineReports" time="8.679" classname="Salesforce.TestCases.OpportunityTests"/>
  <testcase name="TC18StuckReports" time="8.82" classname="Salesforce.TestCases.OpportunityTests"/>
  <testcase name="TC19QSummaryReports" time="13.765" classname="Salesforce.TestCases.OpportunityTests"/>
  <testcase name="TC20Leads" time="8.247" classname="Salesforce.TestCases.LeadsTests"/>
  <testcase name="TC21Leads" time="7.758" classname="Salesforce.TestCases.LeadsTests"/>
  <testcase name="TC22Leads" time="21.184" classname="Salesforce.TestCases.LeadsTests"/>
  <testcase name="TC23Leads" time="13.122" classname="Salesforce.TestCases.LeadsTests"/>
  <testcase name="TC24Leads" time="15.436" classname="Salesforce.TestCases.LeadsTests"/>
</testsuite> <!-- SFDCLogin -->
